\BOOKMARK [0][-]{chapter.1}{\376\377\000O\000b\000j\000e\000t\000i\000v\000o\000s\000\040\000d\000e\000l\000\040\000P\000r\000o\000y\000e\000c\000t\000o}{}% 1
\BOOKMARK [0][-]{chapter.2}{\376\377\000C\000o\000n\000t\000e\000x\000t\000o\000\040\000y\000\040\000R\000e\000q\000u\000i\000s\000i\000t\000o\000s}{}% 2
\BOOKMARK [1][-]{section.2.1}{\376\377\000E\000n\000t\000i\000d\000a\000d\000e\000s\000:}{chapter.2}% 3
\BOOKMARK [1][-]{section.2.2}{\376\377\000R\000e\000l\000a\000c\000i\000o\000n\000e\000s\000:}{chapter.2}% 4
\BOOKMARK [1][-]{section.2.3}{\376\377\000C\000o\000n\000s\000i\000d\000e\000r\000a\000c\000i\000o\000n\000e\000s\000\040\000A\000d\000i\000c\000i\000o\000n\000a\000l\000e\000s\000:}{chapter.2}% 5
\BOOKMARK [1][-]{section.2.4}{\376\377\000R\000e\000s\000t\000r\000i\000c\000c\000i\000o\000n\000e\000s\000:}{chapter.2}% 6
\BOOKMARK [0][-]{chapter.3}{\376\377\000D\000i\000s\000e\000\361\000o\000\040\000C\000o\000n\000c\000e\000p\000t\000u\000a\000l}{}% 7
\BOOKMARK [1][-]{section.3.1}{\376\377\000M\000o\000d\000e\000l\000o\000\040\000E\000n\000t\000i\000d\000a\000d\000-\000R\000e\000l\000a\000c\000i\000\363\000n}{chapter.3}% 8
\BOOKMARK [1][-]{section.3.2}{\376\377\000M\000o\000d\000e\000l\000o\000\040\000R\000e\000l\000a\000c\000i\000o\000n\000a\000l}{chapter.3}% 9
\BOOKMARK [1][-]{section.3.3}{\376\377\000S\000u\000p\000u\000e\000s\000t\000o\000s\000\040\000S\000e\000m\000\341\000n\000t\000i\000c\000o\000s}{chapter.3}% 10
\BOOKMARK [0][-]{chapter.4}{\376\377\000S\000c\000r\000i\000p\000t\000s\000\040\000S\000Q\000L}{}% 11
\BOOKMARK [0][-]{chapter.5}{\376\377\000C\000r\000e\000a\000c\000i\000\363\000n\000\040\000d\000e\000\040\000l\000a\000\040\000B\000a\000s\000e\000\040\000d\000e\000\040\000D\000a\000t\000o\000s}{}% 12
\BOOKMARK [0][-]{chapter.6}{\376\377\000C\000r\000e\000a\000c\000i\000\363\000n\000\040\000d\000e\000\040\000T\000a\000b\000l\000a\000s\000\040\000y\000\040\000D\000a\000t\000o\000s\000\040\000d\000e\000\040\000M\000u\000e\000s\000t\000r\000a}{}% 13
\BOOKMARK [0][-]{chapter.7}{\376\377\000I\000n\000c\000l\000u\000s\000i\000\363\000n\000\040\000d\000e\000\040\000D\000a\000t\000o\000s\000\040\000e\000n\000\040\000l\000a\000s\000\040\000T\000a\000b\000l\000a\000s}{}% 14
\BOOKMARK [0][-]{chapter.8}{\376\377\000I\000m\000p\000l\000e\000m\000e\000n\000t\000a\000c\000i\000\363\000n\000\040\000d\000e\000\040\000T\000r\000i\000g\000g\000e\000r\000s}{}% 15
\BOOKMARK [0][-]{chapter.9}{\376\377\000C\000o\000n\000s\000u\000l\000t\000a\000s\000\040\000d\000e\000\040\000E\000j\000e\000m\000p\000l\000o}{}% 16
\BOOKMARK [1][-]{section.9.1}{\376\377\000C\000o\000n\000s\000u\000l\000t\000a\000s\000\040\000S\000Q\000L}{chapter.9}% 17
\BOOKMARK [0][-]{chapter.10}{\376\377\000I\000m\000p\000l\000e\000m\000e\000n\000t\000a\000c\000i\000\363\000n\000\040\000d\000e\000\040\000A\000P\000I\000\040\000c\000o\000n\000\040\000F\000l\000a\000s\000k}{}% 18
\BOOKMARK [1][-]{section.10.1}{\376\377\000A\000P\000I\000\040\000R\000E\000S\000T}{chapter.10}% 19
\BOOKMARK [0][-]{chapter.11}{\376\377\000E\000n\000t\000r\000e\000g\000a}{}% 20
\BOOKMARK [1][-]{section.11.1}{\376\377\000R\000e\000p\000o\000s\000i\000t\000o\000r\000i\000o\000\040\000e\000n\000\040\000G\000i\000t\000H\000u\000b}{chapter.11}% 21
\BOOKMARK [1][-]{section.11.2}{\376\377\000I\000m\000\341\000g\000e\000n\000e\000s\000\040\000A\000d\000j\000u\000n\000t\000a\000s}{chapter.11}% 22
\BOOKMARK [0][-]{chapter.12}{\376\377\000B\000i\000b\000l\000i\000o\000g\000r\000a\000f\000\355\000a}{}% 23
